/*C3*/SET SCHEMA PUBLIC
\u000a    create table Lance (\u000a        id bigint generated by default as identity (start with 1),\u000a        data timestamp,\u000a        valor double not null,\u000a        leilao_id bigint,\u000a        usuario_id bigint,\u000a        primary key (id)\u000a    )
\u000a    create table Leilao (\u000a        id bigint generated by default as identity (start with 1),\u000a        dataAbertura timestamp,\u000a        nome varchar(255),\u000a        usado bit not null,\u000a        valorInicial double,\u000a        usuario_id bigint,\u000a        primary key (id)\u000a    )
\u000a    create table Usuario (\u000a        id bigint generated by default as identity (start with 1),\u000a        email varchar(255),\u000a        nome varchar(255),\u000a        primary key (id)\u000a    )
\u000a    alter table Lance \u000a        add constraint FK45CBB9B2E297AC3 \u000a        foreign key (usuario_id) \u000a        references Usuario
\u000a    alter table Lance \u000a        add constraint FK45CBB9BCCF67091 \u000a        foreign key (leilao_id) \u000a        references Leilao
\u000a    alter table Leilao \u000a        add constraint FK8770F1AA2E297AC3 \u000a        foreign key (usuario_id) \u000a        references Usuario
DISCONNECT
/*C2*/SET SCHEMA PUBLIC
DISCONNECT
/*C4*/SET SCHEMA PUBLIC
DISCONNECT
/*C7*/SET SCHEMA PUBLIC
INSERT INTO USUARIO VALUES(1,'jd.saraiva@gmail.com','Jos\u00e9 Saraiva')
COMMIT
DISCONNECT
/*C6*/SET SCHEMA PUBLIC
DISCONNECT
/*C5*/SET SCHEMA PUBLIC
DISCONNECT
/*C10*/SET SCHEMA PUBLIC
INSERT INTO USUARIO VALUES(2,'uteste@teste.com','Usu\u00e1rio de Testes')
COMMIT
DISCONNECT
/*C9*/SET SCHEMA PUBLIC
DISCONNECT
/*C8*/SET SCHEMA PUBLIC
DISCONNECT
/*C13*/SET SCHEMA PUBLIC
DISCONNECT
/*C11*/SET SCHEMA PUBLIC
DISCONNECT
/*C12*/SET SCHEMA PUBLIC
DISCONNECT
/*C15*/SET SCHEMA PUBLIC
DISCONNECT
/*C14*/SET SCHEMA PUBLIC
DISCONNECT
/*C16*/SET SCHEMA PUBLIC
DISCONNECT
/*C19*/SET SCHEMA PUBLIC
DISCONNECT
/*C18*/SET SCHEMA PUBLIC
DISCONNECT
/*C17*/SET SCHEMA PUBLIC
DISCONNECT
/*C21*/SET SCHEMA PUBLIC
DISCONNECT
/*C20*/SET SCHEMA PUBLIC
DISCONNECT
/*C22*/SET SCHEMA PUBLIC
DISCONNECT
/*C23*/SET SCHEMA PUBLIC
DISCONNECT
/*C24*/SET SCHEMA PUBLIC
DISCONNECT
/*C25*/SET SCHEMA PUBLIC
DISCONNECT
